[debug] [2022-02-16T06:55:47.924Z] ----------------------------------------------------------------------
[debug] [2022-02-16T06:55:47.926Z] Command:       C:\Program Files\nodejs\node.exe C:\Users\Dell\AppData\Roaming\npm\node_modules\firebase-tools\lib\bin\firebase.js init
[debug] [2022-02-16T06:55:47.927Z] CLI Version:   10.2.0
[debug] [2022-02-16T06:55:47.927Z] Platform:      win32
[debug] [2022-02-16T06:55:47.927Z] Node Version:  v16.13.2
[debug] [2022-02-16T06:55:47.928Z] Time:          Wed Feb 16 2022 13:55:47 GMT+0700 (Indochina Time)
[debug] [2022-02-16T06:55:47.928Z] ----------------------------------------------------------------------
[debug] 
[debug] [2022-02-16T06:55:48.003Z] > command requires scopes: ["email","openid","https://www.googleapis.com/auth/cloudplatformprojects.readonly","https://www.googleapis.com/auth/firebase","https://www.googleapis.com/auth/cloud-platform"]
[debug] [2022-02-16T06:55:48.003Z] > authorizing via signed-in user (ledieptrien@gmail.com)
[info] 
     ######## #### ########  ######## ########     ###     ######  ########
     ##        ##  ##     ## ##       ##     ##  ##   ##  ##       ##
     ######    ##  ########  ######   ########  #########  ######  ######
     ##        ##  ##    ##  ##       ##     ## ##     ##       ## ##
     ##       #### ##     ## ######## ########  ##     ##  ######  ########

You're about to initialize a Firebase project in this directory:

  C:\Users\Dell\Desktop\facebook clone\fb-clone

Before we get started, keep in mind:

  * You are initializing within an existing Firebase project directory

[info] 
=== Project Setup
[info] 
[info] First, let's associate this project directory with a Firebase project.
[info] You can create multiple project aliases by running firebase use --add, 
[info] but for now we'll just set up a default project.
[info] 
[debug] [2022-02-16T06:58:07.464Z] Using project from CLI flag: netflex-clone-482a9
[debug] [2022-02-16T06:58:07.466Z] >>> [apiv2][query] GET https://firebase.googleapis.com/v1beta1/projects/netflex-clone-482a9 [none]
[debug] [2022-02-16T06:58:08.257Z] <<< [apiv2][status] GET https://firebase.googleapis.com/v1beta1/projects/netflex-clone-482a9 403
[debug] [2022-02-16T06:58:08.258Z] <<< [apiv2][body] GET https://firebase.googleapis.com/v1beta1/projects/netflex-clone-482a9 {"error":{"code":403,"message":"The caller does not have permission","status":"PERMISSION_DENIED"}}
[debug] [2022-02-16T06:58:08.260Z] HTTP Error: 403, The caller does not have permission
[debug] [2022-02-16T06:58:08.513Z] FirebaseError: HTTP Error: 403, The caller does not have permission
    at module.exports (C:\Users\Dell\AppData\Roaming\npm\node_modules\firebase-tools\lib\responseToError.js:38:12)
    at RetryOperation._fn (C:\Users\Dell\AppData\Roaming\npm\node_modules\firebase-tools\lib\apiv2.js:283:39)
    at processTicksAndRejections (node:internal/process/task_queues:96:5)
[error] 
[error] Error: Failed to get Firebase project netflex-clone-482a9. Please make sure the project exists and your account has permission to access it.
